<?xml version="1.0" encoding="UTF-8"?>
<testsuite xmlns:xsi="http://www.w3.org/2001/XMLSchema-instance" xsi:noNamespaceSchemaLocation="https://maven.apache.org/surefire/maven-surefire-plugin/xsd/surefire-test-report.xsd" name="org.example.AppTest" time="1.623" tests="29" errors="0" skipped="0" failures="0">
  <properties>
[...]
</properties>
  <testcase name="RentFunctions" classname="org.example.AppTest" time="0.18"/>
  <testcase name="MemberFunctions" classname="org.example.AppTest" time="0.029"/>
  <testcase name="membercli8" classname="org.example.AppTest" time="0.057"/>
  <testcase name="membercli9" classname="org.example.AppTest" time="0.028"/>
  <testcase name="AppCheck1" classname="org.example.AppTest" time="0.021"/>
  <testcase name="AppCheck2" classname="org.example.AppTest" time="0.021"/>
  <testcase name="MembersCLI1" classname="org.example.AppTest" time="0.02"/>
  <testcase name="MembersCLI2" classname="org.example.AppTest" time="0.107"/>
  <testcase name="MembersCLI3" classname="org.example.AppTest" time="0.024"/>
  <testcase name="MembersCLI4" classname="org.example.AppTest" time="0.02"/>
  <testcase name="MembersCLI5" classname="org.example.AppTest" time="0.028"/>
  <testcase name="MembersCLI6" classname="org.example.AppTest" time="0.027"/>
  <testcase name="MembersCLI7" classname="org.example.AppTest" time="0.031"/>
  <testcase name="PersonFunctions" classname="org.example.AppTest" time="0.019"/>
  <testcase name="BookFunctions" classname="org.example.AppTest" time="0.024"/>
  <testcase name="MyManagerFiles" classname="org.example.AppTest" time="0.1"/>
  <testcase name="Util" classname="org.example.AppTest" time="0.03"/>
  <testcase name="MyMemberFiles" classname="org.example.AppTest" time="0.04"/>
  <testcase name="MyBookFiles" classname="org.example.AppTest" time="0.081"/>
  <testcase name="MyRentFiles" classname="org.example.AppTest" time="0.045"/>
  <testcase name="ManagerFunctions" classname="org.example.AppTest" time="0.034"/>
  <testcase name="ManagerCLI1" classname="org.example.AppTest" time="0.036"/>
  <testcase name="ManagerCLI2" classname="org.example.AppTest" time="0.04"/>
  <testcase name="ManagerCLI3" classname="org.example.AppTest" time="0.022"/>
  <testcase name="ManagerCLI4" classname="org.example.AppTest" time="0.022"/>
  <testcase name="ManagerCLI5" classname="org.example.AppTest" time="0.065"/>
  <testcase name="ManagerCLI6" classname="org.example.AppTest" time="0.021"/>
  <testcase name="ManagerCLI7" classname="org.example.AppTest" time="0.09"/>
  <testcase name="ManagerCLI8" classname="org.example.AppTest" time="0.136"/>
</testsuite>